c:\users\10519\desktop\new\最新vc\5.1.0比赛版本\gobang2.1.0\gobang2.1.0\x64\debug\vc141.pdb
c:\users\10519\desktop\new\最新vc\5.1.0比赛版本\gobang2.1.0\gobang2.1.0\x64\debug\openfive.obj
c:\users\10519\desktop\new\最新vc\5.1.0比赛版本\gobang2.1.0\gobang2.1.0\x64\debug\gamethread.obj
c:\users\10519\desktop\new\最新vc\5.1.0比赛版本\gobang2.1.0\gobang2.1.0\x64\debug\vcattack.obj
c:\users\10519\desktop\new\最新vc\5.1.0比赛版本\gobang2.1.0\gobang2.1.0\x64\debug\moc_mainwindow.obj
c:\users\10519\desktop\new\最新vc\5.1.0比赛版本\gobang2.1.0\gobang2.1.0\x64\debug\backstageai.obj
c:\users\10519\desktop\new\最新vc\5.1.0比赛版本\gobang2.1.0\gobang2.1.0\x64\debug\chessplay.obj
c:\users\10519\desktop\new\最新vc\5.1.0比赛版本\gobang2.1.0\gobang2.1.0\x64\debug\moc_gamethread.obj
c:\users\10519\desktop\new\最新vc\5.1.0比赛版本\gobang2.1.0\gobang2.1.0\x64\debug\evaluate.obj
c:\users\10519\desktop\new\最新vc\5.1.0比赛版本\gobang2.1.0\gobang2.1.0\x64\debug\mainwindow.obj
c:\users\10519\desktop\new\最新vc\5.1.0比赛版本\gobang2.1.0\gobang2.1.0\x64\debug\walkinggenerator.obj
c:\users\10519\desktop\new\最新vc\5.1.0比赛版本\gobang2.1.0\gobang2.1.0\x64\debug\qrc_resource.obj
c:\users\10519\desktop\new\最新vc\5.1.0比赛版本\gobang2.1.0\gobang2.1.0\x64\debug\judge_win.obj
c:\users\10519\desktop\new\最新vc\5.1.0比赛版本\gobang2.1.0\gobang2.1.0\x64\debug\main.obj
c:\users\10519\desktop\new\最新vc\5.1.0比赛版本\gobang2.1.0\gobang2.1.0\x64\debug\searchai.obj
c:\users\10519\desktop\new\最新vc\5.1.0比赛版本\gobang2.1.0\gobang2.1.0\x64\debug\moc_chessplay.obj
c:\users\10519\desktop\new\最新vc\5.1.0比赛版本\gobang2.1.0\gobang2.1.0\generatedfiles\debug\moc_gamethread.cpp
c:\users\10519\desktop\new\最新vc\5.1.0比赛版本\gobang2.1.0\gobang2.1.0\generatedfiles\debug\moc_chessplay.cpp
c:\users\10519\desktop\new\最新vc\5.1.0比赛版本\gobang2.1.0\gobang2.1.0\generatedfiles\debug\moc_mainwindow.cpp
c:\users\10519\desktop\new\最新vc\5.1.0比赛版本\gobang2.1.0\gobang2.1.0\generatedfiles\qrc_resource.cpp
c:\users\10519\desktop\new\最新vc\5.1.0比赛版本\gobang2.1.0\gobang2.1.0\generatedfiles\ui_mainwindow.h
c:\users\10519\desktop\new\最新vc\5.1.0比赛版本\gobang2.1.0\gobang2.1.0\generatedfiles\ui_chessplay.h
c:\users\10519\desktop\new\最新vc\5.1.0比赛版本\gobang2.1.0\x64\debug\gobang2.1.0.exe
c:\users\10519\desktop\new\最新vc\5.1.0比赛版本\gobang2.1.0\x64\debug\gobang2.1.0.ilk
c:\users\10519\desktop\new\最新vc\5.1.0比赛版本\gobang2.1.0\x64\debug\gobang2.1.0.pdb
g:\5.1.0比赛版本\gobang2.1.0\gobang2.1.0\x64\debug\backstageai.obj
g:\5.1.0比赛版本\gobang2.1.0\gobang2.1.0\x64\debug\chessplay.obj
g:\5.1.0比赛版本\gobang2.1.0\gobang2.1.0\x64\debug\evaluate.obj
g:\5.1.0比赛版本\gobang2.1.0\gobang2.1.0\x64\debug\gamethread.obj
g:\5.1.0比赛版本\gobang2.1.0\gobang2.1.0\x64\debug\judge_win.obj
g:\5.1.0比赛版本\gobang2.1.0\gobang2.1.0\x64\debug\main.obj
g:\5.1.0比赛版本\gobang2.1.0\gobang2.1.0\x64\debug\mainwindow.obj
g:\5.1.0比赛版本\gobang2.1.0\gobang2.1.0\x64\debug\moc_chessplay.obj
g:\5.1.0比赛版本\gobang2.1.0\gobang2.1.0\x64\debug\moc_gamethread.obj
g:\5.1.0比赛版本\gobang2.1.0\gobang2.1.0\x64\debug\moc_mainwindow.obj
g:\5.1.0比赛版本\gobang2.1.0\gobang2.1.0\x64\debug\openfive.obj
g:\5.1.0比赛版本\gobang2.1.0\gobang2.1.0\x64\debug\qrc_resource.obj
g:\5.1.0比赛版本\gobang2.1.0\gobang2.1.0\x64\debug\searchai.obj
g:\5.1.0比赛版本\gobang2.1.0\gobang2.1.0\x64\debug\vcattack.obj
g:\5.1.0比赛版本\gobang2.1.0\gobang2.1.0\x64\debug\walkinggenerator.obj
g:\5.1.0比赛版本\gobang2.1.0\gobang2.1.0\x64\debug\vc141.pdb
g:\5.1.0比赛版本\gobang2.1.0\x64\debug\gobang2.1.0.pdb
g:\5.1.0比赛版本\gobang2.1.0\x64\debug\gobang2.1.0.exe
g:\5.1.0比赛版本\gobang2.1.0\x64\debug\gobang2.1.0.ilk
g:\5.1.0比赛版本\gobang2.1.0\gobang2.1.0\x64\debug\gobang2.1.0.tlog\cl.command.1.tlog
g:\5.1.0比赛版本\gobang2.1.0\gobang2.1.0\x64\debug\gobang2.1.0.tlog\cl.read.1.tlog
g:\5.1.0比赛版本\gobang2.1.0\gobang2.1.0\x64\debug\gobang2.1.0.tlog\cl.write.1.tlog
g:\5.1.0比赛版本\gobang2.1.0\gobang2.1.0\x64\debug\gobang2.1.0.tlog\gobang2.1.0.write.1u.tlog
g:\5.1.0比赛版本\gobang2.1.0\gobang2.1.0\x64\debug\gobang2.1.0.tlog\link.command.1.tlog
g:\5.1.0比赛版本\gobang2.1.0\gobang2.1.0\x64\debug\gobang2.1.0.tlog\link.read.1.tlog
g:\5.1.0比赛版本\gobang2.1.0\gobang2.1.0\x64\debug\gobang2.1.0.tlog\link.write.1.tlog
